<?xml version="1.0" encoding="UTF-8"?>
<!-- Generated by org.testng.reporters.JUnitXMLReporter -->
<testsuite ignored="0" hostname="Sourabh" failures="0" tests="3" name="Default test" time="939.592" errors="0" timestamp="07 Mar 2019 03:51:16 GMT">
  <testcase classname="com.qa.testCases.HomePageTest" name="verifyHomePageTitleTest" time="4.436"/>
  <testcase classname="com.qa.testCases.HomePageTest" name="verifyUserNameTest" time="9.421"/>
  <testcase classname="com.qa.testCases.HomePageTest" name="verifyContactLinkTest" time="2.853"/>
</testsuite> <!-- Default test -->
