<?xml version="1.0" encoding="UTF-8"?>
<testng-results ignored="0" total="3" passed="3" failed="0" skipped="0">
  <reporter-output>
  </reporter-output>
  <suite started-at="2022-01-27T05:03:02Z" name="Free CRM Application Automation Test" finished-at="2022-01-27T05:03:49Z" duration-ms="47520">
    <groups>
    </groups>
    <test started-at="2022-01-27T05:03:02Z" name="Free CRM App Test Cases" finished-at="2022-01-27T05:03:49Z" duration-ms="47520">
      <class name="com.qa.testCases.LoginTest">
        <test-method is-config="true" signature="setUp()[pri:0, instance:com.qa.testCases.LoginTest@279fedbd]" started-at="2022-01-27T05:03:02Z" name="setUp" finished-at="2022-01-27T05:03:11Z" duration-ms="9681" status="PASS">
          <reporter-output>
          </reporter-output>
        </test-method> <!-- setUp -->
        <test-method signature="titleVerificationTest()[pri:1, instance:com.qa.testCases.LoginTest@279fedbd]" started-at="2022-01-27T05:03:11Z" name="titleVerificationTest" finished-at="2022-01-27T05:03:11Z" duration-ms="47" status="PASS">
          <reporter-output>
          </reporter-output>
        </test-method> <!-- titleVerificationTest -->
        <test-method is-config="true" signature="tearDown()[pri:0, instance:com.qa.testCases.LoginTest@279fedbd]" started-at="2022-01-27T05:03:11Z" name="tearDown" finished-at="2022-01-27T05:03:12Z" duration-ms="915" status="PASS">
          <reporter-output>
          </reporter-output>
        </test-method> <!-- tearDown -->
        <test-method is-config="true" signature="setUp()[pri:0, instance:com.qa.testCases.LoginTest@279fedbd]" started-at="2022-01-27T05:03:12Z" name="setUp" finished-at="2022-01-27T05:03:25Z" duration-ms="12669" status="PASS">
          <reporter-output>
          </reporter-output>
        </test-method> <!-- setUp -->
        <test-method signature="crmLogoVerificationTest()[pri:2, instance:com.qa.testCases.LoginTest@279fedbd]" started-at="2022-01-27T05:03:25Z" name="crmLogoVerificationTest" finished-at="2022-01-27T05:03:25Z" duration-ms="118" status="PASS">
          <reporter-output>
          </reporter-output>
        </test-method> <!-- crmLogoVerificationTest -->
        <test-method is-config="true" signature="tearDown()[pri:0, instance:com.qa.testCases.LoginTest@279fedbd]" started-at="2022-01-27T05:03:25Z" name="tearDown" finished-at="2022-01-27T05:03:26Z" duration-ms="1436" status="PASS">
          <reporter-output>
          </reporter-output>
        </test-method> <!-- tearDown -->
        <test-method is-config="true" signature="setUp()[pri:0, instance:com.qa.testCases.LoginTest@279fedbd]" started-at="2022-01-27T05:03:26Z" name="setUp" finished-at="2022-01-27T05:03:38Z" duration-ms="11129" status="PASS">
          <reporter-output>
          </reporter-output>
        </test-method> <!-- setUp -->
        <test-method signature="loginTestVerification()[pri:3, instance:com.qa.testCases.LoginTest@279fedbd]" started-at="2022-01-27T05:03:38Z" name="loginTestVerification" finished-at="2022-01-27T05:03:45Z" duration-ms="7689" status="PASS">
          <reporter-output>
          </reporter-output>
        </test-method> <!-- loginTestVerification -->
        <test-method is-config="true" signature="tearDown()[pri:0, instance:com.qa.testCases.LoginTest@279fedbd]" started-at="2022-01-27T05:03:45Z" name="tearDown" finished-at="2022-01-27T05:03:49Z" duration-ms="3790" status="PASS">
          <reporter-output>
          </reporter-output>
        </test-method> <!-- tearDown -->
      </class> <!-- com.qa.testCases.LoginTest -->
    </test> <!-- Free CRM App Test Cases -->
  </suite> <!-- Free CRM Application Automation Test -->
</testng-results>
