<?xml version="1.0" encoding="UTF-8"?>
<testsuite xmlns:xsi="http://www.w3.org/2001/XMLSchema-instance" xsi:noNamespaceSchemaLocation="https://maven.apache.org/surefire/maven-surefire-plugin/xsd/surefire-test-report-3.0.xsd" version="3.0" name="TestSuite" time="228.146" tests="12" errors="0" skipped="0" failures="0">
  <properties>
[...]
</properties>
  <testcase name="titleVerificationTest" classname="com.qa.testCases.LoginTest" time="0.04"/>
  <testcase name="verifyHomePageTitleTest" classname="com.qa.testCases.HomePageTest" time="0.013"/>
  <testcase name="verifyLabelTest" classname="com.qa.testCases.ContactTest" time="1.727"/>
  <testcase name="crmLogoVerificationTest" classname="com.qa.testCases.LoginTest" time="0.068"/>
  <testcase name="verifyUserNameTest" classname="com.qa.testCases.HomePageTest" time="0.151"/>
  <testcase name="selectSingleContactByName" classname="com.qa.testCases.ContactTest" time="1.696"/>
  <testcase name="loginTestVerification" classname="com.qa.testCases.LoginTest" time="6.659"/>
  <testcase name="verifyContactLinkTest" classname="com.qa.testCases.HomePageTest" time="1.831"/>
  <testcase name="selectMultipleContactByName" classname="com.qa.testCases.ContactTest" time="2.304"/>
  <testcase name="createNewContractTest" classname="com.qa.testCases.ContactTest" time="5.689"/>
  <testcase name="createNewContractTest" classname="com.qa.testCases.ContactTest" time="5.349"/>
  <testcase name="createNewContractTest" classname="com.qa.testCases.ContactTest" time="5.658"/>
</testsuite>