<?xml version="1.0" encoding="UTF-8"?>
<testng-results ignored="0" total="3" passed="3" failed="0" skipped="0">
  <reporter-output>
  </reporter-output>
  <suite started-at="2019-03-07T03:35:36Z" name="Default suite" finished-at="2019-03-07T03:51:16Z" duration-ms="939592">
    <groups>
    </groups>
    <test started-at="2019-03-07T03:35:36Z" name="Default test" finished-at="2019-03-07T03:51:16Z" duration-ms="939592">
      <class name="com.qa.testCases.HomePageTest">
        <test-method is-config="true" signature="setUp()[pri:0, instance:com.qa.testCases.HomePageTest@1a18644]" started-at="2019-03-07T03:35:36Z" name="setUp" finished-at="2019-03-07T03:44:54Z" duration-ms="557128" status="PASS">
          <reporter-output>
          </reporter-output>
        </test-method> <!-- setUp -->
        <test-method signature="verifyHomePageTitleTest()[pri:1, instance:com.qa.testCases.HomePageTest@1a18644]" started-at="2019-03-07T03:44:59Z" name="verifyHomePageTitleTest" finished-at="2019-03-07T03:45:03Z" duration-ms="4436" status="PASS">
          <reporter-output>
          </reporter-output>
        </test-method> <!-- verifyHomePageTitleTest -->
        <test-method is-config="true" signature="tearDown()[pri:0, instance:com.qa.testCases.HomePageTest@1a18644]" started-at="2019-03-07T03:45:05Z" name="tearDown" finished-at="2019-03-07T03:45:06Z" duration-ms="800" status="PASS">
          <reporter-output>
          </reporter-output>
        </test-method> <!-- tearDown -->
        <test-method is-config="true" signature="setUp()[pri:0, instance:com.qa.testCases.HomePageTest@1a18644]" started-at="2019-03-07T03:45:15Z" name="setUp" finished-at="2019-03-07T03:50:20Z" duration-ms="305587" status="PASS">
          <reporter-output>
          </reporter-output>
        </test-method> <!-- setUp -->
        <test-method signature="verifyUserNameTest()[pri:2, instance:com.qa.testCases.HomePageTest@1a18644]" started-at="2019-03-07T03:50:23Z" name="verifyUserNameTest" finished-at="2019-03-07T03:50:32Z" duration-ms="9421" status="PASS">
          <reporter-output>
          </reporter-output>
        </test-method> <!-- verifyUserNameTest -->
        <test-method is-config="true" signature="tearDown()[pri:0, instance:com.qa.testCases.HomePageTest@1a18644]" started-at="2019-03-07T03:50:32Z" name="tearDown" finished-at="2019-03-07T03:50:33Z" duration-ms="771" status="PASS">
          <reporter-output>
          </reporter-output>
        </test-method> <!-- tearDown -->
        <test-method is-config="true" signature="setUp()[pri:0, instance:com.qa.testCases.HomePageTest@1a18644]" started-at="2019-03-07T03:50:33Z" name="setUp" finished-at="2019-03-07T03:51:12Z" duration-ms="39245" status="PASS">
          <reporter-output>
          </reporter-output>
        </test-method> <!-- setUp -->
        <test-method signature="verifyContactLinkTest()[pri:3, instance:com.qa.testCases.HomePageTest@1a18644]" started-at="2019-03-07T03:51:12Z" name="verifyContactLinkTest" finished-at="2019-03-07T03:51:15Z" duration-ms="2853" status="PASS">
          <reporter-output>
          </reporter-output>
        </test-method> <!-- verifyContactLinkTest -->
        <test-method is-config="true" signature="tearDown()[pri:0, instance:com.qa.testCases.HomePageTest@1a18644]" started-at="2019-03-07T03:51:15Z" name="tearDown" finished-at="2019-03-07T03:51:16Z" duration-ms="786" status="PASS">
          <reporter-output>
          </reporter-output>
        </test-method> <!-- tearDown -->
      </class> <!-- com.qa.testCases.HomePageTest -->
    </test> <!-- Default test -->
  </suite> <!-- Default suite -->
</testng-results>
