<?xml version="1.0" encoding="UTF-8"?>
<!-- Generated by org.testng.reporters.JUnitXMLReporter -->
<testsuite hostname="Sourabh" ignored="0" name="Free CRM App Test Cases" tests="12" failures="0" timestamp="02 Mar 2019 17:20:11 GMT" time="226.957" errors="0">
  <testcase name="titleVerificationTest" time="0.04" classname="com.qa.testCases.LoginTest"/>
  <testcase name="verifyHomePageTitleTest" time="0.014" classname="com.qa.testCases.HomePageTest"/>
  <testcase name="verifyLabelTest" time="1.726" classname="com.qa.testCases.ContactTest"/>
  <testcase name="crmLogoVerificationTest" time="0.068" classname="com.qa.testCases.LoginTest"/>
  <testcase name="verifyUserNameTest" time="0.153" classname="com.qa.testCases.HomePageTest"/>
  <testcase name="selectSingleContactByName" time="1.696" classname="com.qa.testCases.ContactTest"/>
  <testcase name="loginTestVerification" time="6.658" classname="com.qa.testCases.LoginTest"/>
  <testcase name="verifyContactLinkTest" time="1.832" classname="com.qa.testCases.HomePageTest"/>
  <testcase name="selectMultipleContactByName" time="2.304" classname="com.qa.testCases.ContactTest"/>
  <testcase name="createNewContractTest" time="5.689" classname="com.qa.testCases.ContactTest"/>
  <testcase name="createNewContractTest" time="5.349" classname="com.qa.testCases.ContactTest"/>
  <testcase name="createNewContractTest" time="5.658" classname="com.qa.testCases.ContactTest"/>
</testsuite> <!-- Free CRM App Test Cases -->
