<?xml version="1.0" encoding="UTF-8"?>
<!-- Generated by org.testng.reporters.JUnitXMLReporter -->
<testsuite ignored="0" hostname="Asus" failures="0" tests="3" name="Free CRM App Test Cases" time="47.52" errors="0" timestamp="27 Jan 2022 05:03:49 GMT">
  <testcase classname="com.qa.testCases.LoginTest" name="titleVerificationTest" time="0.047"/>
  <testcase classname="com.qa.testCases.LoginTest" name="crmLogoVerificationTest" time="0.118"/>
  <testcase classname="com.qa.testCases.LoginTest" name="loginTestVerification" time="7.689"/>
</testsuite> <!-- Free CRM App Test Cases -->
