<?xml version="1.0" encoding="UTF-8"?>
<!-- Generated by org.testng.reporters.JUnitXMLReporter -->
<testsuite ignored="0" hostname="Sourabh" failures="0" tests="12" name="Free CRM App Test Cases" time="242.097" errors="0" timestamp="02 Mar 2019 05:46:46 GMT">
  <testcase classname="com.qa.testCases.LoginTest" name="titleVerificationTest" time="0.199"/>
  <testcase classname="com.qa.testCases.HomePageTest" name="verifyHomePageTitleTest" time="0.016"/>
  <testcase classname="com.qa.testCases.ContactTest" name="verifyLabelTest" time="1.597"/>
  <testcase classname="com.qa.testCases.LoginTest" name="crmLogoVerificationTest" time="0.066"/>
  <testcase classname="com.qa.testCases.HomePageTest" name="verifyUserNameTest" time="0.148"/>
  <testcase classname="com.qa.testCases.ContactTest" name="selectSingleContactByName" time="1.821"/>
  <testcase classname="com.qa.testCases.LoginTest" name="loginTestVerification" time="9.117"/>
  <testcase classname="com.qa.testCases.HomePageTest" name="verifyContactLinkTest" time="1.927"/>
  <testcase classname="com.qa.testCases.ContactTest" name="selectMultipleContactByName" time="2.026"/>
  <testcase classname="com.qa.testCases.ContactTest" name="createNewContractTest" time="7.092"/>
  <testcase classname="com.qa.testCases.ContactTest" name="createNewContractTest" time="5.748"/>
  <testcase classname="com.qa.testCases.ContactTest" name="createNewContractTest" time="7.503"/>
</testsuite> <!-- Free CRM App Test Cases -->
